<?xml version="1.0" encoding="UTF-8"?>
<!-- Generated by org.testng.reporters.JUnitReportReporter -->
<testsuite hostname="DESKTOP-27VEJ79" failures="0" tests="2" name="testNGStudy.TestNGKeywordsUse" time="0.519" errors="0" timestamp="2023-06-13T16:12:09 IST" skipped="1">
  <testcase classname="testNGStudy.TestNGKeywordsUse" name="b" time="0.519"/>
  <system-out>
    <![CDATA[mehtod b is running]]>
  </system-out>
  <testcase classname="testNGStudy.TestNGKeywordsUse" name="test">
    <skipped/>
  </testcase> <!-- test -->
  <system-out/>
</testsuite> <!-- testNGStudy.TestNGKeywordsUse -->
