<?xml version="1.0" encoding="UTF-8"?>
<!-- Generated by org.testng.reporters.JUnitReportReporter -->
<testsuite hostname="DESKTOP-27VEJ79" failures="0" tests="1" name="testNGStudy.CrossBrowserTesting" time="15.320" errors="0" timestamp="2023-06-14T10:55:42 IST" skipped="0">
  <testcase classname="testNGStudy.CrossBrowserTesting" name="BrowserTest" time="15.320"/>
  <system-out>
    <![CDATA[Login successfull]]>
  </system-out>
</testsuite> <!-- testNGStudy.CrossBrowserTesting -->
