<?xml version="1.0" encoding="UTF-8"?>
<!-- Generated by org.testng.reporters.JUnitReportReporter -->
<testsuite hostname="DESKTOP-27VEJ79" failures="0" tests="1" name="testNGStudy.Include" time="0.001" errors="0" timestamp="2023-06-30T10:20:36 IST" skipped="0">
  <testcase classname="testNGStudy.Include" name="Test1" time="0.001"/>
  <system-out/>
</testsuite> <!-- testNGStudy.Include -->
