<?xml version="1.0" encoding="UTF-8"?>
<!-- Generated by org.testng.reporters.JUnitReportReporter -->
<testsuite hostname="DESKTOP-27VEJ79" failures="0" tests="1" name="testNGStudy.Parallel2" time="12.343" errors="0" timestamp="2023-06-13T16:41:04 IST" skipped="0">
  <testcase classname="testNGStudy.Parallel2" name="facebookLaunch" time="12.343"/>
  <system-out/>
</testsuite> <!-- testNGStudy.Parallel2 -->
