<?xml version="1.0" encoding="UTF-8"?>
<!-- Generated by org.testng.reporters.JUnitReportReporter -->
<testsuite hostname="DESKTOP-27VEJ79" failures="0" tests="1" name="tutorialNinjaTest.NinjaTestUsingTestNGPOM" time="2.331" errors="0" timestamp="2023-06-16T17:57:29 IST" skipped="0">
  <testcase classname="tutorialNinjaTest.NinjaTestUsingTestNGPOM" name="validateUser" time="2.331"/>
  <system-out>
    <![CDATA[User validation test is running
Results are matched, Test case passed]]>
  </system-out>
</testsuite> <!-- tutorialNinjaTest.NinjaTestUsingTestNGPOM -->
