<?xml version="1.0" encoding="UTF-8"?>
<!-- Generated by org.testng.reporters.JUnitReportReporter -->
<testsuite hostname="DESKTOP-27VEJ79" failures="0" tests="1" name="testNGStudy.Parallel3" time="15.721" errors="0" timestamp="2023-06-13T16:41:04 IST" skipped="0">
  <testcase classname="testNGStudy.Parallel3" name="flipcartLaunch" time="15.721"/>
  <system-out/>
</testsuite> <!-- testNGStudy.Parallel3 -->
