<?xml version="1.0" encoding="UTF-8"?>
<!-- Generated by org.testng.reporters.JUnitReportReporter -->
<testsuite hostname="DESKTOP-27VEJ79" failures="0" tests="2" name="testNGStudy.Exclude" time="0.025" errors="0" timestamp="2023-06-30T10:20:36 IST" skipped="0">
  <testcase classname="testNGStudy.Exclude" name="Test6" time="0.010"/>
  <system-out/>
  <testcase classname="testNGStudy.Exclude" name="Test4" time="0.015"/>
  <system-out/>
</testsuite> <!-- testNGStudy.Exclude -->
