<?xml version="1.0" encoding="UTF-8"?>
<!-- Generated by org.testng.reporters.JUnitReportReporter -->
<testsuite hostname="DESKTOP-27VEJ79" failures="0" tests="1" name="ninjaTestBaseUtility.NinjaTestLoginLogout" time="4.399" errors="0" timestamp="2023-06-17T11:30:31 IST" skipped="0">
  <testcase classname="ninjaTestBaseUtility.NinjaTestLoginLogout" name="validateUser" time="4.399"/>
  <system-out>
    <![CDATA[Test case123is running
TC is passed]]>
  </system-out>
</testsuite> <!-- ninjaTestBaseUtility.NinjaTestLoginLogout -->
