<?xml version="1.0" encoding="UTF-8"?>
<!-- Generated by org.testng.reporters.JUnitReportReporter -->
<testsuite hostname="DESKTOP-27VEJ79" failures="0" tests="1" name="testNGStudy.TestNGAnnotations" time="0.009" errors="0" timestamp="2023-06-13T16:03:16 IST" skipped="0">
  <testcase classname="testNGStudy.TestNGAnnotations" name="validateUserID" time="0.009"/>
  <system-out>
    <![CDATA[User ID is valid]]>
  </system-out>
</testsuite> <!-- testNGStudy.TestNGAnnotations -->
